<?xml version="1.0" encoding="UTF-8"?>
<!-- Generated by org.testng.reporters.JUnitReportReporter -->
<testsuite hostname="USER" name="WebDriverEventListeners.WebDriverEvent_Listener_exp" tests="2" failures="0" timestamp="12 Aug 2016 10:32:49 GMT" time="5.569" errors="0">
  <testcase name="test2" time="3.388" classname="WebDriverEventListeners.WebDriverEvent_Listener_exp"/>
  <testcase name="test1" time="2.181" classname="WebDriverEventListeners.WebDriverEvent_Listener_exp"/>
</testsuite> <!-- WebDriverEventListeners.WebDriverEvent_Listener_exp -->
